<?xml version="1.0" encoding="UTF-8"?>
<coverage generated="1624484438533" clover="3.2.0">
  <project timestamp="1624484438533" name="All files">
    <metrics statements="67" coveredstatements="44" conditionals="14" coveredconditionals="6" methods="13" coveredmethods="2" elements="94" coveredelements="52" complexity="0" loc="67" ncloc="67" packages="4" files="5" classes="5"/>
    <package name="config">
      <metrics statements="17" coveredstatements="9" conditionals="4" coveredconditionals="0" methods="1" coveredmethods="0"/>
      <file name="passport.js" path="C:\Users\User-PC\Desktop\FSD_courses\GitHub\nodejs-homework-my-rest-api\config\passport.js">
        <metrics statements="17" coveredstatements="9" conditionals="4" coveredconditionals="0" methods="1" coveredmethods="0"/>
        <line num="1" count="1" type="stmt"/>
        <line num="2" count="1" type="stmt"/>
        <line num="3" count="1" type="stmt"/>
        <line num="4" count="1" type="stmt"/>
        <line num="6" count="1" type="stmt"/>
        <line num="8" count="1" type="stmt"/>
        <line num="9" count="1" type="stmt"/>
        <line num="10" count="1" type="stmt"/>
        <line num="12" count="1" type="stmt"/>
        <line num="14" count="0" type="stmt"/>
        <line num="15" count="0" type="stmt"/>
        <line num="16" count="0" type="cond" truecount="0" falsecount="2"/>
        <line num="17" count="0" type="stmt"/>
        <line num="19" count="0" type="cond" truecount="0" falsecount="2"/>
        <line num="20" count="0" type="stmt"/>
        <line num="22" count="0" type="stmt"/>
        <line num="24" count="0" type="stmt"/>
      </file>
    </package>
    <package name="helpers">
      <metrics statements="19" coveredstatements="18" conditionals="7" coveredconditionals="6" methods="3" coveredmethods="2"/>
      <file name="constants.js" path="C:\Users\User-PC\Desktop\FSD_courses\GitHub\nodejs-homework-my-rest-api\helpers\constants.js">
        <metrics statements="5" coveredstatements="4" conditionals="0" coveredconditionals="0" methods="1" coveredmethods="0"/>
        <line num="1" count="1" type="stmt"/>
        <line num="7" count="1" type="stmt"/>
        <line num="20" count="1" type="stmt"/>
        <line num="24" count="0" type="stmt"/>
        <line num="32" count="1" type="stmt"/>
      </file>
      <file name="guard.js" path="C:\Users\User-PC\Desktop\FSD_courses\GitHub\nodejs-homework-my-rest-api\helpers\guard.js">
        <metrics statements="14" coveredstatements="14" conditionals="7" coveredconditionals="6" methods="2" coveredmethods="2"/>
        <line num="1" count="1" type="stmt"/>
        <line num="2" count="1" type="stmt"/>
        <line num="3" count="1" type="stmt"/>
        <line num="5" count="1" type="stmt"/>
        <line num="6" count="3" type="stmt"/>
        <line num="7" count="3" type="stmt"/>
        <line num="8" count="3" type="stmt"/>
        <line num="9" count="3" type="cond" truecount="1" falsecount="1"/>
        <line num="10" count="3" type="stmt"/>
        <line num="12" count="3" type="cond" truecount="5" falsecount="0"/>
        <line num="13" count="2" type="stmt"/>
        <line num="19" count="1" type="stmt"/>
        <line num="20" count="1" type="stmt"/>
        <line num="24" count="1" type="stmt"/>
      </file>
    </package>
    <package name="model">
      <metrics statements="18" coveredstatements="10" conditionals="2" coveredconditionals="0" methods="4" coveredmethods="0"/>
      <file name="user.js" path="C:\Users\User-PC\Desktop\FSD_courses\GitHub\nodejs-homework-my-rest-api\model\user.js">
        <metrics statements="18" coveredstatements="10" conditionals="2" coveredconditionals="0" methods="4" coveredmethods="0"/>
        <line num="1" count="1" type="stmt"/>
        <line num="2" count="1" type="stmt"/>
        <line num="3" count="1" type="stmt"/>
        <line num="4" count="1" type="stmt"/>
        <line num="5" count="1" type="stmt"/>
        <line num="7" count="1" type="stmt"/>
        <line num="14" count="0" type="stmt"/>
        <line num="15" count="0" type="stmt"/>
        <line num="34" count="0" type="stmt"/>
        <line num="48" count="1" type="stmt"/>
        <line num="49" count="0" type="cond" truecount="0" falsecount="2"/>
        <line num="50" count="0" type="stmt"/>
        <line num="51" count="0" type="stmt"/>
        <line num="53" count="0" type="stmt"/>
        <line num="56" count="1" type="stmt"/>
        <line num="57" count="0" type="stmt"/>
        <line num="60" count="1" type="stmt"/>
        <line num="62" count="1" type="stmt"/>
      </file>
    </package>
    <package name="repositories">
      <metrics statements="13" coveredstatements="7" conditionals="1" coveredconditionals="0" methods="5" coveredmethods="0"/>
      <file name="users.js" path="C:\Users\User-PC\Desktop\FSD_courses\GitHub\nodejs-homework-my-rest-api\repositories\users.js">
        <metrics statements="13" coveredstatements="7" conditionals="1" coveredconditionals="0" methods="5" coveredmethods="0"/>
        <line num="1" count="1" type="stmt"/>
        <line num="3" count="1" type="stmt"/>
        <line num="4" count="0" type="stmt"/>
        <line num="7" count="1" type="stmt"/>
        <line num="8" count="0" type="stmt"/>
        <line num="11" count="1" type="stmt"/>
        <line num="12" count="0" type="stmt"/>
        <line num="13" count="0" type="stmt"/>
        <line num="16" count="1" type="stmt"/>
        <line num="17" count="0" type="stmt"/>
        <line num="20" count="1" type="cond" truecount="0" falsecount="1"/>
        <line num="21" count="0" type="stmt"/>
        <line num="24" count="1" type="stmt"/>
      </file>
    </package>
  </project>
</coverage>
